{"/Users/sajad-ahmed/Desktop/hcm/src/app.controller.js": {"path":"/Users/sajad-ahmed/Desktop/hcm/src/app.controller.js","statementMap":{"0":{"start":{"line":1,"column":28},"end":{"line":1,"column":53}},"1":{"start":{"line":5,"column":4},"end":{"line":9,"column":6}},"2":{"start":{"line":13,"column":0},"end":{"line":13,"column":36}},"3":{"start":{"line":14,"column":0},"end":{"line":14,"column":109}},"4":{"start":{"line":16,"column":0},"end":{"line":16,"column":35}}},"fnMap":{"0":{"name":"(anonymous_0)","decl":{"start":{"line":4,"column":2},"end":{"line":4,"column":3}},"loc":{"start":{"line":4,"column":11},"end":{"line":10,"column":3}},"line":4}},"branchMap":{},"s":{"0":1,"1":0,"2":1,"3":1,"4":1},"f":{"0":0},"b":{},"_coverageSchema":"1a1c01bbd47fc00a2c39e90264f33305004495a9","hash":"41bddd99f4330522a0607634ab1b6e12804ba77d"}
,"/Users/sajad-ahmed/Desktop/hcm/src/app.module.js": {"path":"/Users/sajad-ahmed/Desktop/hcm/src/app.module.js","statementMap":{"0":{"start":{"line":1,"column":19},"end":{"line":1,"column":44}},"1":{"start":{"line":2,"column":26},"end":{"line":2,"column":53}},"2":{"start":{"line":3,"column":27},"end":{"line":3,"column":64}},"3":{"start":{"line":4,"column":26},"end":{"line":4,"column":61}},"4":{"start":{"line":5,"column":26},"end":{"line":5,"column":61}},"5":{"start":{"line":6,"column":22},"end":{"line":6,"column":49}},"6":{"start":{"line":10,"column":0},"end":{"line":13,"column":14}},"7":{"start":{"line":15,"column":0},"end":{"line":15,"column":31}}},"fnMap":{},"branchMap":{},"s":{"0":1,"1":1,"2":1,"3":1,"4":1,"5":1,"6":1,"7":1},"f":{},"b":{},"_coverageSchema":"1a1c01bbd47fc00a2c39e90264f33305004495a9","hash":"46be4d885ae9da194cf2780e01d1f8f987f6041c"}
,"/Users/sajad-ahmed/Desktop/hcm/src/balance/balance.controller.js": {"path":"/Users/sajad-ahmed/Desktop/hcm/src/balance/balance.controller.js","statementMap":{"0":{"start":{"line":1,"column":43},"end":{"line":1,"column":68}},"1":{"start":{"line":2,"column":27},"end":{"line":2,"column":55}},"2":{"start":{"line":6,"column":4},"end":{"line":6,"column":41}},"3":{"start":{"line":10,"column":4},"end":{"line":10,"column":78}},"4":{"start":{"line":14,"column":0},"end":{"line":14,"column":41}},"5":{"start":{"line":15,"column":0},"end":{"line":15,"column":125}},"6":{"start":{"line":16,"column":0},"end":{"line":16,"column":54}},"7":{"start":{"line":17,"column":0},"end":{"line":17,"column":56}},"8":{"start":{"line":19,"column":0},"end":{"line":19,"column":39}}},"fnMap":{"0":{"name":"(anonymous_0)","decl":{"start":{"line":5,"column":2},"end":{"line":5,"column":3}},"loc":{"start":{"line":5,"column":30},"end":{"line":7,"column":3}},"line":5},"1":{"name":"(anonymous_1)","decl":{"start":{"line":9,"column":2},"end":{"line":9,"column":3}},"loc":{"start":{"line":9,"column":26},"end":{"line":11,"column":3}},"line":9}},"branchMap":{},"s":{"0":1,"1":1,"2":1,"3":0,"4":1,"5":1,"6":1,"7":1,"8":1},"f":{"0":1,"1":0},"b":{},"_coverageSchema":"1a1c01bbd47fc00a2c39e90264f33305004495a9","hash":"1f11676c2310b5650d38af3afebbc4acb2a95f5e"}
,"/Users/sajad-ahmed/Desktop/hcm/src/balance/balance.module.js": {"path":"/Users/sajad-ahmed/Desktop/hcm/src/balance/balance.module.js","statementMap":{"0":{"start":{"line":1,"column":19},"end":{"line":1,"column":44}},"1":{"start":{"line":2,"column":30},"end":{"line":2,"column":61}},"2":{"start":{"line":3,"column":27},"end":{"line":3,"column":55}},"3":{"start":{"line":7,"column":0},"end":{"line":11,"column":18}},"4":{"start":{"line":13,"column":0},"end":{"line":13,"column":35}}},"fnMap":{},"branchMap":{},"s":{"0":1,"1":1,"2":1,"3":1,"4":1},"f":{},"b":{},"_coverageSchema":"1a1c01bbd47fc00a2c39e90264f33305004495a9","hash":"7aae02dc47afd585ab9d3281afb0160ab0bbe270"}
,"/Users/sajad-ahmed/Desktop/hcm/src/balance/balance.service.js": {"path":"/Users/sajad-ahmed/Desktop/hcm/src/balance/balance.service.js","statementMap":{"0":{"start":{"line":1,"column":71},"end":{"line":1,"column":96}},"1":{"start":{"line":2,"column":26},"end":{"line":2,"column":63}},"2":{"start":{"line":6,"column":4},"end":{"line":6,"column":25}},"3":{"start":{"line":10,"column":4},"end":{"line":12,"column":5}},"4":{"start":{"line":11,"column":6},"end":{"line":11,"column":78}},"5":{"start":{"line":14,"column":20},"end":{"line":21,"column":6}},"6":{"start":{"line":23,"column":4},"end":{"line":25,"column":5}},"7":{"start":{"line":24,"column":6},"end":{"line":24,"column":81}},"8":{"start":{"line":27,"column":4},"end":{"line":27,"column":19}},"9":{"start":{"line":31,"column":0},"end":{"line":31,"column":29}},"10":{"start":{"line":32,"column":0},"end":{"line":32,"column":52}},"11":{"start":{"line":34,"column":0},"end":{"line":34,"column":36}}},"fnMap":{"0":{"name":"(anonymous_0)","decl":{"start":{"line":5,"column":2},"end":{"line":5,"column":3}},"loc":{"start":{"line":5,"column":22},"end":{"line":7,"column":3}},"line":5},"1":{"name":"(anonymous_1)","decl":{"start":{"line":9,"column":2},"end":{"line":9,"column":3}},"loc":{"start":{"line":9,"column":43},"end":{"line":28,"column":3}},"line":9}},"branchMap":{"0":{"loc":{"start":{"line":10,"column":4},"end":{"line":12,"column":5}},"type":"if","locations":[{"start":{"line":10,"column":4},"end":{"line":12,"column":5}},{"start":{},"end":{}}],"line":10},"1":{"loc":{"start":{"line":10,"column":8},"end":{"line":10,"column":34}},"type":"binary-expr","locations":[{"start":{"line":10,"column":8},"end":{"line":10,"column":19}},{"start":{"line":10,"column":23},"end":{"line":10,"column":34}}],"line":10},"2":{"loc":{"start":{"line":23,"column":4},"end":{"line":25,"column":5}},"type":"if","locations":[{"start":{"line":23,"column":4},"end":{"line":25,"column":5}},{"start":{},"end":{}}],"line":23}},"s":{"0":2,"1":2,"2":2,"3":1,"4":0,"5":1,"6":1,"7":0,"8":1,"9":2,"10":2,"11":2},"f":{"0":2,"1":1},"b":{"0":[0,1],"1":[1,1],"2":[0,1]},"_coverageSchema":"1a1c01bbd47fc00a2c39e90264f33305004495a9","hash":"50a1b90aff738567930cb2deab20e50d4ac97e39"}
,"/Users/sajad-ahmed/Desktop/hcm/src/common/retry.util.js": {"path":"/Users/sajad-ahmed/Desktop/hcm/src/common/retry.util.js","statementMap":{"0":{"start":{"line":2,"column":2},"end":{"line":2,"column":59}},"1":{"start":{"line":2,"column":34},"end":{"line":2,"column":57}},"2":{"start":{"line":6,"column":18},"end":{"line":6,"column":75}},"3":{"start":{"line":7,"column":22},"end":{"line":7,"column":89}},"4":{"start":{"line":8,"column":21},"end":{"line":8,"column":87}},"5":{"start":{"line":9,"column":22},"end":{"line":9,"column":99}},"6":{"start":{"line":9,"column":94},"end":{"line":9,"column":99}},"7":{"start":{"line":10,"column":18},"end":{"line":10,"column":84}},"8":{"start":{"line":12,"column":16},"end":{"line":12,"column":17}},"9":{"start":{"line":13,"column":2},"end":{"line":26,"column":3}},"10":{"start":{"line":14,"column":4},"end":{"line":25,"column":5}},"11":{"start":{"line":15,"column":6},"end":{"line":15,"column":33}},"12":{"start":{"line":17,"column":6},"end":{"line":19,"column":7}},"13":{"start":{"line":18,"column":8},"end":{"line":18,"column":20}},"14":{"start":{"line":21,"column":22},"end":{"line":21,"column":78}},"15":{"start":{"line":22,"column":6},"end":{"line":22,"column":56}},"16":{"start":{"line":23,"column":6},"end":{"line":23,"column":27}},"17":{"start":{"line":24,"column":6},"end":{"line":24,"column":19}},"18":{"start":{"line":29,"column":0},"end":{"line":31,"column":2}}},"fnMap":{"0":{"name":"sleep","decl":{"start":{"line":1,"column":9},"end":{"line":1,"column":14}},"loc":{"start":{"line":1,"column":19},"end":{"line":3,"column":1}},"line":1},"1":{"name":"(anonymous_1)","decl":{"start":{"line":2,"column":21},"end":{"line":2,"column":22}},"loc":{"start":{"line":2,"column":34},"end":{"line":2,"column":57}},"line":2},"2":{"name":"withExponentialBackoff","decl":{"start":{"line":5,"column":15},"end":{"line":5,"column":37}},"loc":{"start":{"line":5,"column":58},"end":{"line":27,"column":1}},"line":5},"3":{"name":"(anonymous_3)","decl":{"start":{"line":9,"column":88},"end":{"line":9,"column":89}},"loc":{"start":{"line":9,"column":94},"end":{"line":9,"column":99}},"line":9},"4":{"name":"(anonymous_4)","decl":{"start":{"line":10,"column":76},"end":{"line":10,"column":77}},"loc":{"start":{"line":10,"column":82},"end":{"line":10,"column":84}},"line":10}},"branchMap":{"0":{"loc":{"start":{"line":5,"column":44},"end":{"line":5,"column":56}},"type":"default-arg","locations":[{"start":{"line":5,"column":54},"end":{"line":5,"column":56}}],"line":5},"1":{"loc":{"start":{"line":6,"column":18},"end":{"line":6,"column":75}},"type":"cond-expr","locations":[{"start":{"line":6,"column":56},"end":{"line":6,"column":71}},{"start":{"line":6,"column":74},"end":{"line":6,"column":75}}],"line":6},"2":{"loc":{"start":{"line":7,"column":22},"end":{"line":7,"column":89}},"type":"cond-expr","locations":[{"start":{"line":7,"column":64},"end":{"line":7,"column":83}},{"start":{"line":7,"column":86},"end":{"line":7,"column":89}}],"line":7},"3":{"loc":{"start":{"line":8,"column":21},"end":{"line":8,"column":87}},"type":"cond-expr","locations":[{"start":{"line":8,"column":62},"end":{"line":8,"column":80}},{"start":{"line":8,"column":83},"end":{"line":8,"column":87}}],"line":8},"4":{"loc":{"start":{"line":9,"column":22},"end":{"line":9,"column":99}},"type":"cond-expr","locations":[{"start":{"line":9,"column":66},"end":{"line":9,"column":85}},{"start":{"line":9,"column":88},"end":{"line":9,"column":99}}],"line":9},"5":{"loc":{"start":{"line":10,"column":18},"end":{"line":10,"column":84}},"type":"cond-expr","locations":[{"start":{"line":10,"column":58},"end":{"line":10,"column":73}},{"start":{"line":10,"column":76},"end":{"line":10,"column":84}}],"line":10},"6":{"loc":{"start":{"line":17,"column":6},"end":{"line":19,"column":7}},"type":"if","locations":[{"start":{"line":17,"column":6},"end":{"line":19,"column":7}},{"start":{},"end":{}}],"line":17},"7":{"loc":{"start":{"line":17,"column":10},"end":{"line":17,"column":52}},"type":"binary-expr","locations":[{"start":{"line":17,"column":10},"end":{"line":17,"column":29}},{"start":{"line":17,"column":33},"end":{"line":17,"column":52}}],"line":17}},"s":{"0":8,"1":8,"2":6,"3":6,"4":6,"5":6,"6":0,"7":6,"8":6,"9":6,"10":14,"11":14,"12":10,"13":2,"14":8,"15":8,"16":8,"17":8,"18":3},"f":{"0":8,"1":8,"2":6,"3":0,"4":2},"b":{"0":[0],"1":[6,0],"2":[5,1],"3":[5,1],"4":[6,0],"5":[4,2],"6":[2,8],"7":[10,8]},"_coverageSchema":"1a1c01bbd47fc00a2c39e90264f33305004495a9","hash":"9547a5aa70bf91b31b68d1ff7f11adaad036cabd"}
,"/Users/sajad-ahmed/Desktop/hcm/src/database/database.module.js": {"path":"/Users/sajad-ahmed/Desktop/hcm/src/database/database.module.js","statementMap":{"0":{"start":{"line":1,"column":27},"end":{"line":1,"column":52}},"1":{"start":{"line":2,"column":26},"end":{"line":2,"column":53}},"2":{"start":{"line":6,"column":0},"end":{"line":6,"column":25}},"3":{"start":{"line":7,"column":0},"end":{"line":10,"column":19}},"4":{"start":{"line":12,"column":0},"end":{"line":12,"column":36}}},"fnMap":{},"branchMap":{},"s":{"0":1,"1":1,"2":1,"3":1,"4":1},"f":{},"b":{},"_coverageSchema":"1a1c01bbd47fc00a2c39e90264f33305004495a9","hash":"f292582ac6d70786c2608a79d17c66cf38639301"}
,"/Users/sajad-ahmed/Desktop/hcm/src/database/prisma.service.js": {"path":"/Users/sajad-ahmed/Desktop/hcm/src/database/prisma.service.js","statementMap":{"0":{"start":{"line":1,"column":54},"end":{"line":1,"column":79}},"1":{"start":{"line":2,"column":25},"end":{"line":2,"column":50}},"2":{"start":{"line":3,"column":32},"end":{"line":3,"column":73}},"3":{"start":{"line":7,"column":24},"end":{"line":7,"column":67}},"4":{"start":{"line":8,"column":19},"end":{"line":8,"column":51}},"5":{"start":{"line":9,"column":20},"end":{"line":11,"column":6}},"6":{"start":{"line":13,"column":4},"end":{"line":15,"column":7}},"7":{"start":{"line":19,"column":4},"end":{"line":19,"column":26}},"8":{"start":{"line":23,"column":4},"end":{"line":23,"column":29}},"9":{"start":{"line":27,"column":0},"end":{"line":27,"column":28}},"10":{"start":{"line":29,"column":0},"end":{"line":29,"column":35}}},"fnMap":{"0":{"name":"(anonymous_0)","decl":{"start":{"line":6,"column":2},"end":{"line":6,"column":3}},"loc":{"start":{"line":6,"column":16},"end":{"line":16,"column":3}},"line":6},"1":{"name":"(anonymous_1)","decl":{"start":{"line":18,"column":2},"end":{"line":18,"column":3}},"loc":{"start":{"line":18,"column":23},"end":{"line":20,"column":3}},"line":18},"2":{"name":"(anonymous_2)","decl":{"start":{"line":22,"column":2},"end":{"line":22,"column":3}},"loc":{"start":{"line":22,"column":26},"end":{"line":24,"column":3}},"line":22}},"branchMap":{"0":{"loc":{"start":{"line":7,"column":24},"end":{"line":7,"column":67}},"type":"binary-expr","locations":[{"start":{"line":7,"column":24},"end":{"line":7,"column":48}},{"start":{"line":7,"column":52},"end":{"line":7,"column":67}}],"line":7}},"s":{"0":3,"1":3,"2":3,"3":2,"4":2,"5":2,"6":2,"7":1,"8":1,"9":3,"10":3},"f":{"0":2,"1":1,"2":1},"b":{"0":[2,2]},"_coverageSchema":"1a1c01bbd47fc00a2c39e90264f33305004495a9","hash":"1a48dc5278a51a4705fa21c610c01303473a1abc"}
,"/Users/sajad-ahmed/Desktop/hcm/src/hcm/hcm.controller.js": {"path":"/Users/sajad-ahmed/Desktop/hcm/src/hcm/hcm.controller.js","statementMap":{"0":{"start":{"line":1,"column":55},"end":{"line":1,"column":80}},"1":{"start":{"line":2,"column":23},"end":{"line":2,"column":47}},"2":{"start":{"line":6,"column":4},"end":{"line":6,"column":33}},"3":{"start":{"line":10,"column":4},"end":{"line":10,"column":74}},"4":{"start":{"line":14,"column":4},"end":{"line":14,"column":56}},"5":{"start":{"line":18,"column":4},"end":{"line":18,"column":48}},"6":{"start":{"line":22,"column":0},"end":{"line":22,"column":33}},"7":{"start":{"line":23,"column":0},"end":{"line":23,"column":120}},"8":{"start":{"line":24,"column":0},"end":{"line":24,"column":118}},"9":{"start":{"line":25,"column":0},"end":{"line":25,"column":115}},"10":{"start":{"line":26,"column":0},"end":{"line":26,"column":47}},"11":{"start":{"line":27,"column":0},"end":{"line":27,"column":45}},"12":{"start":{"line":28,"column":0},"end":{"line":28,"column":44}},"13":{"start":{"line":29,"column":0},"end":{"line":29,"column":48}},"14":{"start":{"line":31,"column":0},"end":{"line":31,"column":35}}},"fnMap":{"0":{"name":"(anonymous_0)","decl":{"start":{"line":5,"column":2},"end":{"line":5,"column":3}},"loc":{"start":{"line":5,"column":26},"end":{"line":7,"column":3}},"line":5},"1":{"name":"(anonymous_1)","decl":{"start":{"line":9,"column":2},"end":{"line":9,"column":3}},"loc":{"start":{"line":9,"column":23},"end":{"line":11,"column":3}},"line":9},"2":{"name":"(anonymous_2)","decl":{"start":{"line":13,"column":2},"end":{"line":13,"column":3}},"loc":{"start":{"line":13,"column":21},"end":{"line":15,"column":3}},"line":13},"3":{"name":"(anonymous_3)","decl":{"start":{"line":17,"column":2},"end":{"line":17,"column":3}},"loc":{"start":{"line":17,"column":20},"end":{"line":19,"column":3}},"line":17}},"branchMap":{},"s":{"0":1,"1":1,"2":1,"3":1,"4":0,"5":1,"6":1,"7":1,"8":1,"9":1,"10":1,"11":1,"12":1,"13":1,"14":1},"f":{"0":1,"1":1,"2":0,"3":1},"b":{},"_coverageSchema":"1a1c01bbd47fc00a2c39e90264f33305004495a9","hash":"03caf7efc2f27541c6eb4fb241679fc049f14e39"}
,"/Users/sajad-ahmed/Desktop/hcm/src/hcm/hcm.errors.js": {"path":"/Users/sajad-ahmed/Desktop/hcm/src/hcm/hcm.errors.js","statementMap":{"0":{"start":{"line":3,"column":4},"end":{"line":3,"column":19}},"1":{"start":{"line":4,"column":4},"end":{"line":4,"column":46}},"2":{"start":{"line":10,"column":4},"end":{"line":10,"column":19}},"3":{"start":{"line":11,"column":4},"end":{"line":11,"column":38}},"4":{"start":{"line":15,"column":0},"end":{"line":18,"column":2}}},"fnMap":{"0":{"name":"(anonymous_0)","decl":{"start":{"line":2,"column":2},"end":{"line":2,"column":3}},"loc":{"start":{"line":2,"column":60},"end":{"line":5,"column":3}},"line":2},"1":{"name":"(anonymous_1)","decl":{"start":{"line":9,"column":2},"end":{"line":9,"column":3}},"loc":{"start":{"line":9,"column":46},"end":{"line":12,"column":3}},"line":9}},"branchMap":{"0":{"loc":{"start":{"line":2,"column":14},"end":{"line":2,"column":58}},"type":"default-arg","locations":[{"start":{"line":2,"column":24},"end":{"line":2,"column":58}}],"line":2},"1":{"loc":{"start":{"line":9,"column":14},"end":{"line":9,"column":44}},"type":"default-arg","locations":[{"start":{"line":9,"column":24},"end":{"line":9,"column":44}}],"line":9}},"s":{"0":0,"1":0,"2":2,"3":2,"4":2},"f":{"0":0,"1":2},"b":{"0":[0],"1":[0]},"_coverageSchema":"1a1c01bbd47fc00a2c39e90264f33305004495a9","hash":"7d359381487bc093d670b795c0c2c0495d38cd94"}
,"/Users/sajad-ahmed/Desktop/hcm/src/hcm/hcm.module.js": {"path":"/Users/sajad-ahmed/Desktop/hcm/src/hcm/hcm.module.js","statementMap":{"0":{"start":{"line":1,"column":19},"end":{"line":1,"column":44}},"1":{"start":{"line":2,"column":26},"end":{"line":2,"column":53}},"2":{"start":{"line":3,"column":23},"end":{"line":3,"column":47}},"3":{"start":{"line":7,"column":0},"end":{"line":11,"column":14}},"4":{"start":{"line":13,"column":0},"end":{"line":13,"column":31}}},"fnMap":{},"branchMap":{},"s":{"0":1,"1":1,"2":1,"3":1,"4":1},"f":{},"b":{},"_coverageSchema":"1a1c01bbd47fc00a2c39e90264f33305004495a9","hash":"1b72ee791c01b999babf1b2b385953157304e886"}
,"/Users/sajad-ahmed/Desktop/hcm/src/hcm/hcm.service.js": {"path":"/Users/sajad-ahmed/Desktop/hcm/src/hcm/hcm.service.js","statementMap":{"0":{"start":{"line":1,"column":31},"end":{"line":1,"column":56}},"1":{"start":{"line":2,"column":61},"end":{"line":2,"column":84}},"2":{"start":{"line":6,"column":4},"end":{"line":6,"column":46}},"3":{"start":{"line":7,"column":4},"end":{"line":7,"column":27}},"4":{"start":{"line":8,"column":4},"end":{"line":8,"column":30}},"5":{"start":{"line":12,"column":4},"end":{"line":12,"column":41}},"6":{"start":{"line":17,"column":6},"end":{"line":19,"column":26}},"7":{"start":{"line":21,"column":4},"end":{"line":23,"column":5}},"8":{"start":{"line":22,"column":6},"end":{"line":22,"column":61}},"9":{"start":{"line":27,"column":16},"end":{"line":27,"column":58}},"10":{"start":{"line":28,"column":4},"end":{"line":30,"column":5}},"11":{"start":{"line":29,"column":6},"end":{"line":29,"column":15}},"12":{"start":{"line":31,"column":4},"end":{"line":31,"column":34}},"13":{"start":{"line":35,"column":16},"end":{"line":35,"column":58}},"14":{"start":{"line":36,"column":4},"end":{"line":36,"column":36}},"15":{"start":{"line":40,"column":4},"end":{"line":40,"column":86}},"16":{"start":{"line":42,"column":4},"end":{"line":44,"column":5}},"17":{"start":{"line":43,"column":6},"end":{"line":43,"column":38}},"18":{"start":{"line":46,"column":4},"end":{"line":48,"column":5}},"19":{"start":{"line":47,"column":6},"end":{"line":47,"column":46}},"20":{"start":{"line":50,"column":4},"end":{"line":50,"column":48}},"21":{"start":{"line":52,"column":27},"end":{"line":52,"column":83}},"22":{"start":{"line":53,"column":4},"end":{"line":55,"column":5}},"23":{"start":{"line":54,"column":6},"end":{"line":54,"column":46}},"24":{"start":{"line":57,"column":4},"end":{"line":57,"column":95}},"25":{"start":{"line":59,"column":4},"end":{"line":63,"column":6}},"26":{"start":{"line":67,"column":4},"end":{"line":67,"column":79}},"27":{"start":{"line":68,"column":4},"end":{"line":68,"column":29}},"28":{"start":{"line":69,"column":4},"end":{"line":69,"column":89}},"29":{"start":{"line":73,"column":4},"end":{"line":73,"column":68}},"30":{"start":{"line":74,"column":4},"end":{"line":74,"column":29}},"31":{"start":{"line":75,"column":4},"end":{"line":78,"column":6}},"32":{"start":{"line":82,"column":20},"end":{"line":82,"column":84}},"33":{"start":{"line":83,"column":4},"end":{"line":83,"column":59}},"34":{"start":{"line":85,"column":18},"end":{"line":85,"column":19}},"35":{"start":{"line":86,"column":4},"end":{"line":95,"column":5}},"36":{"start":{"line":87,"column":6},"end":{"line":89,"column":7}},"37":{"start":{"line":88,"column":8},"end":{"line":88,"column":17}},"38":{"start":{"line":90,"column":6},"end":{"line":92,"column":7}},"39":{"start":{"line":91,"column":8},"end":{"line":91,"column":17}},"40":{"start":{"line":93,"column":6},"end":{"line":93,"column":75}},"41":{"start":{"line":94,"column":6},"end":{"line":94,"column":19}},"42":{"start":{"line":97,"column":4},"end":{"line":102,"column":6}},"43":{"start":{"line":106,"column":0},"end":{"line":106,"column":25}},"44":{"start":{"line":108,"column":0},"end":{"line":108,"column":32}}},"fnMap":{"0":{"name":"(anonymous_0)","decl":{"start":{"line":5,"column":2},"end":{"line":5,"column":3}},"loc":{"start":{"line":5,"column":16},"end":{"line":9,"column":3}},"line":5},"1":{"name":"(anonymous_1)","decl":{"start":{"line":11,"column":2},"end":{"line":11,"column":3}},"loc":{"start":{"line":11,"column":40},"end":{"line":13,"column":3}},"line":11},"2":{"name":"(anonymous_2)","decl":{"start":{"line":15,"column":2},"end":{"line":15,"column":3}},"loc":{"start":{"line":15,"column":41},"end":{"line":24,"column":3}},"line":15},"3":{"name":"(anonymous_3)","decl":{"start":{"line":26,"column":2},"end":{"line":26,"column":3}},"loc":{"start":{"line":26,"column":38},"end":{"line":32,"column":3}},"line":26},"4":{"name":"(anonymous_4)","decl":{"start":{"line":34,"column":2},"end":{"line":34,"column":3}},"loc":{"start":{"line":34,"column":48},"end":{"line":37,"column":3}},"line":34},"5":{"name":"(anonymous_5)","decl":{"start":{"line":39,"column":2},"end":{"line":39,"column":3}},"loc":{"start":{"line":39,"column":40},"end":{"line":64,"column":3}},"line":39},"6":{"name":"(anonymous_6)","decl":{"start":{"line":66,"column":2},"end":{"line":66,"column":3}},"loc":{"start":{"line":66,"column":43},"end":{"line":70,"column":3}},"line":66},"7":{"name":"(anonymous_7)","decl":{"start":{"line":72,"column":2},"end":{"line":72,"column":3}},"loc":{"start":{"line":72,"column":42},"end":{"line":79,"column":3}},"line":72},"8":{"name":"(anonymous_8)","decl":{"start":{"line":81,"column":2},"end":{"line":81,"column":3}},"loc":{"start":{"line":81,"column":32},"end":{"line":103,"column":3}},"line":81}},"branchMap":{"0":{"loc":{"start":{"line":17,"column":6},"end":{"line":19,"column":26}},"type":"cond-expr","locations":[{"start":{"line":18,"column":10},"end":{"line":18,"column":29}},{"start":{"line":19,"column":10},"end":{"line":19,"column":26}}],"line":17},"1":{"loc":{"start":{"line":17,"column":6},"end":{"line":17,"column":101}},"type":"binary-expr","locations":[{"start":{"line":17,"column":6},"end":{"line":17,"column":45}},{"start":{"line":17,"column":49},"end":{"line":17,"column":73}},{"start":{"line":17,"column":77},"end":{"line":17,"column":101}}],"line":17},"2":{"loc":{"start":{"line":21,"column":4},"end":{"line":23,"column":5}},"type":"if","locations":[{"start":{"line":21,"column":4},"end":{"line":23,"column":5}},{"start":{},"end":{}}],"line":21},"3":{"loc":{"start":{"line":28,"column":4},"end":{"line":30,"column":5}},"type":"if","locations":[{"start":{"line":28,"column":4},"end":{"line":30,"column":5}},{"start":{},"end":{}}],"line":28},"4":{"loc":{"start":{"line":42,"column":4},"end":{"line":44,"column":5}},"type":"if","locations":[{"start":{"line":42,"column":4},"end":{"line":44,"column":5}},{"start":{},"end":{}}],"line":42},"5":{"loc":{"start":{"line":46,"column":4},"end":{"line":48,"column":5}},"type":"if","locations":[{"start":{"line":46,"column":4},"end":{"line":48,"column":5}},{"start":{},"end":{}}],"line":46},"6":{"loc":{"start":{"line":53,"column":4},"end":{"line":55,"column":5}},"type":"if","locations":[{"start":{"line":53,"column":4},"end":{"line":55,"column":5}},{"start":{},"end":{}}],"line":53},"7":{"loc":{"start":{"line":82,"column":20},"end":{"line":82,"column":84}},"type":"cond-expr","locations":[{"start":{"line":82,"column":64},"end":{"line":82,"column":79}},{"start":{"line":82,"column":82},"end":{"line":82,"column":84}}],"line":82},"8":{"loc":{"start":{"line":82,"column":34},"end":{"line":82,"column":60}},"type":"binary-expr","locations":[{"start":{"line":82,"column":34},"end":{"line":82,"column":41}},{"start":{"line":82,"column":45},"end":{"line":82,"column":60}}],"line":82},"9":{"loc":{"start":{"line":83,"column":27},"end":{"line":83,"column":57}},"type":"binary-expr","locations":[{"start":{"line":83,"column":27},"end":{"line":83,"column":34}},{"start":{"line":83,"column":38},"end":{"line":83,"column":57}}],"line":83},"10":{"loc":{"start":{"line":87,"column":6},"end":{"line":89,"column":7}},"type":"if","locations":[{"start":{"line":87,"column":6},"end":{"line":89,"column":7}},{"start":{},"end":{}}],"line":87},"11":{"loc":{"start":{"line":87,"column":10},"end":{"line":87,"column":95}},"type":"binary-expr","locations":[{"start":{"line":87,"column":10},"end":{"line":87,"column":16}},{"start":{"line":87,"column":20},"end":{"line":87,"column":37}},{"start":{"line":87,"column":41},"end":{"line":87,"column":58}},{"start":{"line":87,"column":62},"end":{"line":87,"column":95}}],"line":87},"12":{"loc":{"start":{"line":90,"column":6},"end":{"line":92,"column":7}},"type":"if","locations":[{"start":{"line":90,"column":6},"end":{"line":92,"column":7}},{"start":{},"end":{}}],"line":90}},"s":{"0":2,"1":2,"2":1,"3":1,"4":1,"5":11,"6":9,"7":9,"8":0,"9":3,"10":3,"11":0,"12":3,"13":8,"14":8,"15":2,"16":2,"17":0,"18":2,"19":0,"20":2,"21":2,"22":2,"23":0,"24":2,"25":2,"26":1,"27":1,"28":1,"29":0,"30":0,"31":0,"32":6,"33":6,"34":6,"35":6,"36":6,"37":0,"38":6,"39":0,"40":6,"41":6,"42":6,"43":2,"44":2},"f":{"0":1,"1":11,"2":9,"3":3,"4":8,"5":2,"6":1,"7":0,"8":6},"b":{"0":[6,3],"1":[9,6,6],"2":[0,9],"3":[0,3],"4":[0,2],"5":[0,2],"6":[0,2],"7":[6,0],"8":[6,6],"9":[6,6],"10":[0,6],"11":[6,6,6,6],"12":[0,6]},"_coverageSchema":"1a1c01bbd47fc00a2c39e90264f33305004495a9","hash":"ab194eb09e0881ff2ff56e5e287fca68261866a3"}
,"/Users/sajad-ahmed/Desktop/hcm/src/timeoff/timeoff.controller.js": {"path":"/Users/sajad-ahmed/Desktop/hcm/src/timeoff/timeoff.controller.js","statementMap":{"0":{"start":{"line":1,"column":50},"end":{"line":1,"column":75}},"1":{"start":{"line":2,"column":27},"end":{"line":2,"column":55}},"2":{"start":{"line":6,"column":4},"end":{"line":6,"column":41}},"3":{"start":{"line":10,"column":4},"end":{"line":10,"column":54}},"4":{"start":{"line":14,"column":4},"end":{"line":14,"column":50}},"5":{"start":{"line":18,"column":4},"end":{"line":18,"column":49}},"6":{"start":{"line":22,"column":0},"end":{"line":22,"column":42}},"7":{"start":{"line":23,"column":0},"end":{"line":23,"column":118}},"8":{"start":{"line":24,"column":0},"end":{"line":24,"column":133}},"9":{"start":{"line":25,"column":0},"end":{"line":25,"column":130}},"10":{"start":{"line":26,"column":0},"end":{"line":26,"column":49}},"11":{"start":{"line":27,"column":0},"end":{"line":27,"column":55}},"12":{"start":{"line":28,"column":0},"end":{"line":28,"column":54}},"13":{"start":{"line":29,"column":0},"end":{"line":29,"column":56}},"14":{"start":{"line":31,"column":0},"end":{"line":31,"column":39}}},"fnMap":{"0":{"name":"(anonymous_0)","decl":{"start":{"line":5,"column":2},"end":{"line":5,"column":3}},"loc":{"start":{"line":5,"column":30},"end":{"line":7,"column":3}},"line":5},"1":{"name":"(anonymous_1)","decl":{"start":{"line":9,"column":2},"end":{"line":9,"column":3}},"loc":{"start":{"line":9,"column":24},"end":{"line":11,"column":3}},"line":9},"2":{"name":"(anonymous_2)","decl":{"start":{"line":13,"column":2},"end":{"line":13,"column":3}},"loc":{"start":{"line":13,"column":20},"end":{"line":15,"column":3}},"line":13},"3":{"name":"(anonymous_3)","decl":{"start":{"line":17,"column":2},"end":{"line":17,"column":3}},"loc":{"start":{"line":17,"column":19},"end":{"line":19,"column":3}},"line":17}},"branchMap":{},"s":{"0":1,"1":1,"2":1,"3":5,"4":0,"5":0,"6":1,"7":1,"8":1,"9":1,"10":1,"11":1,"12":1,"13":1,"14":1},"f":{"0":1,"1":5,"2":0,"3":0},"b":{},"_coverageSchema":"1a1c01bbd47fc00a2c39e90264f33305004495a9","hash":"a91b83db5b4136bc184570af123a4cd458feedd6"}
,"/Users/sajad-ahmed/Desktop/hcm/src/timeoff/timeoff.module.js": {"path":"/Users/sajad-ahmed/Desktop/hcm/src/timeoff/timeoff.module.js","statementMap":{"0":{"start":{"line":1,"column":19},"end":{"line":1,"column":44}},"1":{"start":{"line":2,"column":30},"end":{"line":2,"column":61}},"2":{"start":{"line":3,"column":27},"end":{"line":3,"column":55}},"3":{"start":{"line":4,"column":22},"end":{"line":4,"column":50}},"4":{"start":{"line":8,"column":0},"end":{"line":13,"column":18}},"5":{"start":{"line":15,"column":0},"end":{"line":15,"column":35}}},"fnMap":{},"branchMap":{},"s":{"0":1,"1":1,"2":1,"3":1,"4":1,"5":1},"f":{},"b":{},"_coverageSchema":"1a1c01bbd47fc00a2c39e90264f33305004495a9","hash":"44a84ea8a2e9d01468d1f827de3f2329a563d252"}
,"/Users/sajad-ahmed/Desktop/hcm/src/timeoff/timeoff.service.js": {"path":"/Users/sajad-ahmed/Desktop/hcm/src/timeoff/timeoff.service.js","statementMap":{"0":{"start":{"line":10,"column":4},"end":{"line":10,"column":29}},"1":{"start":{"line":11,"column":26},"end":{"line":11,"column":63}},"2":{"start":{"line":12,"column":23},"end":{"line":12,"column":52}},"3":{"start":{"line":13,"column":61},"end":{"line":13,"column":89}},"4":{"start":{"line":14,"column":19},"end":{"line":14,"column":44}},"5":{"start":{"line":15,"column":35},"end":{"line":15,"column":66}},"6":{"start":{"line":19,"column":4},"end":{"line":19,"column":25}},"7":{"start":{"line":20,"column":4},"end":{"line":20,"column":33}},"8":{"start":{"line":21,"column":4},"end":{"line":21,"column":50}},"9":{"start":{"line":25,"column":4},"end":{"line":27,"column":5}},"10":{"start":{"line":26,"column":6},"end":{"line":26,"column":87}},"11":{"start":{"line":29,"column":4},"end":{"line":31,"column":5}},"12":{"start":{"line":30,"column":6},"end":{"line":30,"column":78}},"13":{"start":{"line":35,"column":4},"end":{"line":37,"column":5}},"14":{"start":{"line":36,"column":6},"end":{"line":36,"column":111}},"15":{"start":{"line":41,"column":4},"end":{"line":41,"column":48}},"16":{"start":{"line":45,"column":4},"end":{"line":62,"column":7}},"17":{"start":{"line":49,"column":30},"end":{"line":49,"column":61}},"18":{"start":{"line":51,"column":8},"end":{"line":60,"column":10}},"19":{"start":{"line":66,"column":4},"end":{"line":66,"column":40}},"20":{"start":{"line":67,"column":4},"end":{"line":74,"column":6}},"21":{"start":{"line":76,"column":4},"end":{"line":200,"column":5}},"22":{"start":{"line":77,"column":6},"end":{"line":140,"column":9}},"23":{"start":{"line":78,"column":24},"end":{"line":85,"column":10}},"24":{"start":{"line":87,"column":8},"end":{"line":89,"column":9}},"25":{"start":{"line":88,"column":10},"end":{"line":88,"column":91}},"26":{"start":{"line":91,"column":8},"end":{"line":93,"column":9}},"27":{"start":{"line":92,"column":10},"end":{"line":92,"column":68}},"28":{"start":{"line":95,"column":26},"end":{"line":102,"column":9}},"29":{"start":{"line":101,"column":16},"end":{"line":101,"column":63}},"30":{"start":{"line":104,"column":8},"end":{"line":116,"column":11}},"31":{"start":{"line":118,"column":24},"end":{"line":128,"column":10}},"32":{"start":{"line":130,"column":8},"end":{"line":137,"column":10}},"33":{"start":{"line":139,"column":8},"end":{"line":139,"column":23}},"34":{"start":{"line":142,"column":6},"end":{"line":152,"column":7}},"35":{"start":{"line":143,"column":8},"end":{"line":150,"column":10}},"36":{"start":{"line":151,"column":8},"end":{"line":151,"column":51}},"37":{"start":{"line":154,"column":6},"end":{"line":164,"column":7}},"38":{"start":{"line":155,"column":8},"end":{"line":162,"column":10}},"39":{"start":{"line":163,"column":8},"end":{"line":163,"column":61}},"40":{"start":{"line":166,"column":6},"end":{"line":173,"column":7}},"41":{"start":{"line":172,"column":8},"end":{"line":172,"column":20}},"42":{"start":{"line":175,"column":21},"end":{"line":175,"column":67}},"43":{"start":{"line":176,"column":27},"end":{"line":176,"column":102}},"44":{"start":{"line":177,"column":6},"end":{"line":189,"column":7}},"45":{"start":{"line":182,"column":8},"end":{"line":187,"column":10}},"46":{"start":{"line":188,"column":8},"end":{"line":188,"column":65}},"47":{"start":{"line":191,"column":6},"end":{"line":198,"column":8}},"48":{"start":{"line":199,"column":6},"end":{"line":199,"column":82}},"49":{"start":{"line":204,"column":20},"end":{"line":204,"column":82}},"50":{"start":{"line":205,"column":4},"end":{"line":207,"column":5}},"51":{"start":{"line":206,"column":6},"end":{"line":206,"column":64}},"52":{"start":{"line":209,"column":4},"end":{"line":209,"column":38}},"53":{"start":{"line":210,"column":4},"end":{"line":232,"column":5}},"54":{"start":{"line":211,"column":6},"end":{"line":219,"column":8}},"55":{"start":{"line":218,"column":14},"end":{"line":218,"column":63}},"56":{"start":{"line":221,"column":6},"end":{"line":230,"column":7}},"57":{"start":{"line":222,"column":8},"end":{"line":228,"column":10}},"58":{"start":{"line":229,"column":8},"end":{"line":229,"column":61}},"59":{"start":{"line":231,"column":6},"end":{"line":231,"column":18}},"60":{"start":{"line":234,"column":4},"end":{"line":237,"column":7}},"61":{"start":{"line":241,"column":20},"end":{"line":241,"column":82}},"62":{"start":{"line":242,"column":4},"end":{"line":244,"column":5}},"63":{"start":{"line":243,"column":6},"end":{"line":243,"column":64}},"64":{"start":{"line":246,"column":4},"end":{"line":246,"column":38}},"65":{"start":{"line":248,"column":4},"end":{"line":251,"column":7}},"66":{"start":{"line":255,"column":0},"end":{"line":255,"column":29}},"67":{"start":{"line":256,"column":0},"end":{"line":256,"column":52}},"68":{"start":{"line":257,"column":0},"end":{"line":257,"column":49}},"69":{"start":{"line":259,"column":0},"end":{"line":259,"column":36}}},"fnMap":{"0":{"name":"(anonymous_0)","decl":{"start":{"line":18,"column":2},"end":{"line":18,"column":3}},"loc":{"start":{"line":18,"column":34},"end":{"line":22,"column":3}},"line":18},"1":{"name":"(anonymous_1)","decl":{"start":{"line":24,"column":2},"end":{"line":24,"column":3}},"loc":{"start":{"line":24,"column":33},"end":{"line":32,"column":3}},"line":24},"2":{"name":"(anonymous_2)","decl":{"start":{"line":34,"column":2},"end":{"line":34,"column":3}},"loc":{"start":{"line":34,"column":31},"end":{"line":38,"column":3}},"line":34},"3":{"name":"(anonymous_3)","decl":{"start":{"line":40,"column":2},"end":{"line":40,"column":3}},"loc":{"start":{"line":40,"column":29},"end":{"line":42,"column":3}},"line":40},"4":{"name":"(anonymous_4)","decl":{"start":{"line":44,"column":2},"end":{"line":44,"column":3}},"loc":{"start":{"line":44,"column":67},"end":{"line":63,"column":3}},"line":44},"5":{"name":"(anonymous_5)","decl":{"start":{"line":49,"column":19},"end":{"line":49,"column":20}},"loc":{"start":{"line":49,"column":30},"end":{"line":49,"column":61}},"line":49},"6":{"name":"(anonymous_6)","decl":{"start":{"line":50,"column":15},"end":{"line":50,"column":16}},"loc":{"start":{"line":50,"column":48},"end":{"line":61,"column":7}},"line":50},"7":{"name":"(anonymous_7)","decl":{"start":{"line":65,"column":2},"end":{"line":65,"column":3}},"loc":{"start":{"line":65,"column":31},"end":{"line":201,"column":3}},"line":65},"8":{"name":"(anonymous_8)","decl":{"start":{"line":77,"column":44},"end":{"line":77,"column":45}},"loc":{"start":{"line":77,"column":58},"end":{"line":140,"column":7}},"line":77},"9":{"name":"(anonymous_9)","decl":{"start":{"line":101,"column":10},"end":{"line":101,"column":11}},"loc":{"start":{"line":101,"column":16},"end":{"line":101,"column":63}},"line":101},"10":{"name":"(anonymous_10)","decl":{"start":{"line":203,"column":2},"end":{"line":203,"column":3}},"loc":{"start":{"line":203,"column":27},"end":{"line":238,"column":3}},"line":203},"11":{"name":"(anonymous_11)","decl":{"start":{"line":218,"column":8},"end":{"line":218,"column":9}},"loc":{"start":{"line":218,"column":14},"end":{"line":218,"column":63}},"line":218},"12":{"name":"(anonymous_12)","decl":{"start":{"line":240,"column":2},"end":{"line":240,"column":3}},"loc":{"start":{"line":240,"column":26},"end":{"line":252,"column":3}},"line":240}},"branchMap":{"0":{"loc":{"start":{"line":25,"column":4},"end":{"line":27,"column":5}},"type":"if","locations":[{"start":{"line":25,"column":4},"end":{"line":27,"column":5}},{"start":{},"end":{}}],"line":25},"1":{"loc":{"start":{"line":25,"column":8},"end":{"line":25,"column":94}},"type":"binary-expr","locations":[{"start":{"line":25,"column":8},"end":{"line":25,"column":16}},{"start":{"line":25,"column":20},"end":{"line":25,"column":39}},{"start":{"line":25,"column":43},"end":{"line":25,"column":62}},{"start":{"line":25,"column":66},"end":{"line":25,"column":94}}],"line":25},"2":{"loc":{"start":{"line":29,"column":4},"end":{"line":31,"column":5}},"type":"if","locations":[{"start":{"line":29,"column":4},"end":{"line":31,"column":5}},{"start":{},"end":{}}],"line":29},"3":{"loc":{"start":{"line":29,"column":8},"end":{"line":29,"column":97}},"type":"binary-expr","locations":[{"start":{"line":29,"column":8},"end":{"line":29,"column":42}},{"start":{"line":29,"column":46},"end":{"line":29,"column":74}},{"start":{"line":29,"column":78},"end":{"line":29,"column":97}}],"line":29},"4":{"loc":{"start":{"line":35,"column":4},"end":{"line":37,"column":5}},"type":"if","locations":[{"start":{"line":35,"column":4},"end":{"line":37,"column":5}},{"start":{},"end":{}}],"line":35},"5":{"loc":{"start":{"line":87,"column":8},"end":{"line":89,"column":9}},"type":"if","locations":[{"start":{"line":87,"column":8},"end":{"line":89,"column":9}},{"start":{},"end":{}}],"line":87},"6":{"loc":{"start":{"line":91,"column":8},"end":{"line":93,"column":9}},"type":"if","locations":[{"start":{"line":91,"column":8},"end":{"line":93,"column":9}},{"start":{},"end":{}}],"line":91},"7":{"loc":{"start":{"line":123,"column":20},"end":{"line":123,"column":42}},"type":"binary-expr","locations":[{"start":{"line":123,"column":20},"end":{"line":123,"column":34}},{"start":{"line":123,"column":38},"end":{"line":123,"column":42}}],"line":123},"8":{"loc":{"start":{"line":126,"column":28},"end":{"line":126,"column":58}},"type":"binary-expr","locations":[{"start":{"line":126,"column":28},"end":{"line":126,"column":50}},{"start":{"line":126,"column":54},"end":{"line":126,"column":58}}],"line":126},"9":{"loc":{"start":{"line":142,"column":6},"end":{"line":152,"column":7}},"type":"if","locations":[{"start":{"line":142,"column":6},"end":{"line":152,"column":7}},{"start":{},"end":{}}],"line":142},"10":{"loc":{"start":{"line":154,"column":6},"end":{"line":164,"column":7}},"type":"if","locations":[{"start":{"line":154,"column":6},"end":{"line":164,"column":7}},{"start":{},"end":{}}],"line":154},"11":{"loc":{"start":{"line":166,"column":6},"end":{"line":173,"column":7}},"type":"if","locations":[{"start":{"line":166,"column":6},"end":{"line":173,"column":7}},{"start":{},"end":{}}],"line":166},"12":{"loc":{"start":{"line":167,"column":8},"end":{"line":170,"column":52}},"type":"binary-expr","locations":[{"start":{"line":167,"column":8},"end":{"line":167,"column":44}},{"start":{"line":168,"column":8},"end":{"line":168,"column":42}},{"start":{"line":169,"column":8},"end":{"line":169,"column":42}},{"start":{"line":170,"column":8},"end":{"line":170,"column":52}}],"line":167},"13":{"loc":{"start":{"line":175,"column":21},"end":{"line":175,"column":67}},"type":"cond-expr","locations":[{"start":{"line":175,"column":43},"end":{"line":175,"column":60}},{"start":{"line":175,"column":63},"end":{"line":175,"column":67}}],"line":175},"14":{"loc":{"start":{"line":175,"column":21},"end":{"line":175,"column":40}},"type":"binary-expr","locations":[{"start":{"line":175,"column":21},"end":{"line":175,"column":26}},{"start":{"line":175,"column":30},"end":{"line":175,"column":40}}],"line":175},"15":{"loc":{"start":{"line":176,"column":27},"end":{"line":176,"column":102}},"type":"cond-expr","locations":[{"start":{"line":176,"column":51},"end":{"line":176,"column":57}},{"start":{"line":176,"column":60},"end":{"line":176,"column":102}}],"line":176},"16":{"loc":{"start":{"line":176,"column":60},"end":{"line":176,"column":102}},"type":"cond-expr","locations":[{"start":{"line":176,"column":89},"end":{"line":176,"column":97}},{"start":{"line":176,"column":100},"end":{"line":176,"column":102}}],"line":176},"17":{"loc":{"start":{"line":177,"column":6},"end":{"line":189,"column":7}},"type":"if","locations":[{"start":{"line":177,"column":6},"end":{"line":189,"column":7}},{"start":{},"end":{}}],"line":177},"18":{"loc":{"start":{"line":178,"column":8},"end":{"line":180,"column":47}},"type":"binary-expr","locations":[{"start":{"line":178,"column":8},"end":{"line":178,"column":61}},{"start":{"line":179,"column":8},"end":{"line":179,"column":30}},{"start":{"line":180,"column":8},"end":{"line":180,"column":47}}],"line":178},"19":{"loc":{"start":{"line":185,"column":28},"end":{"line":185,"column":58}},"type":"binary-expr","locations":[{"start":{"line":185,"column":28},"end":{"line":185,"column":50}},{"start":{"line":185,"column":54},"end":{"line":185,"column":58}}],"line":185},"20":{"loc":{"start":{"line":205,"column":4},"end":{"line":207,"column":5}},"type":"if","locations":[{"start":{"line":205,"column":4},"end":{"line":207,"column":5}},{"start":{},"end":{}}],"line":205},"21":{"loc":{"start":{"line":221,"column":6},"end":{"line":230,"column":7}},"type":"if","locations":[{"start":{"line":221,"column":6},"end":{"line":230,"column":7}},{"start":{},"end":{}}],"line":221},"22":{"loc":{"start":{"line":242,"column":4},"end":{"line":244,"column":5}},"type":"if","locations":[{"start":{"line":242,"column":4},"end":{"line":244,"column":5}},{"start":{},"end":{}}],"line":242}},"s":{"0":2,"1":2,"2":2,"3":2,"4":2,"5":2,"6":3,"7":3,"8":3,"9":6,"10":0,"11":6,"12":0,"13":1,"14":1,"15":6,"16":4,"17":6,"18":6,"19":6,"20":6,"21":6,"22":6,"23":6,"24":6,"25":0,"26":6,"27":2,"28":4,"29":10,"30":2,"31":2,"32":2,"33":2,"34":4,"35":0,"36":0,"37":4,"38":2,"39":2,"40":2,"41":2,"42":0,"43":0,"44":0,"45":0,"46":0,"47":0,"48":0,"49":1,"50":1,"51":0,"52":1,"53":0,"54":0,"55":0,"56":0,"57":0,"58":0,"59":0,"60":0,"61":0,"62":0,"63":0,"64":0,"65":0,"66":2,"67":2,"68":2,"69":2},"f":{"0":3,"1":6,"2":1,"3":6,"4":4,"5":6,"6":6,"7":6,"8":6,"9":10,"10":1,"11":0,"12":0},"b":{"0":[0,6],"1":[6,6,6,6],"2":[0,6],"3":[6,6,6],"4":[1,0],"5":[0,6],"6":[2,4],"7":[2,1],"8":[2,2],"9":[0,4],"10":[2,2],"11":[2,0],"12":[2,2,0,0],"13":[0,0],"14":[0,0],"15":[0,0],"16":[0,0],"17":[0,0],"18":[0,0,0],"19":[0,0],"20":[0,1],"21":[0,0],"22":[0,0]},"_coverageSchema":"1a1c01bbd47fc00a2c39e90264f33305004495a9","hash":"c257f64b1cb39b828011b9b3721782f983d8c20a"}
}
