TN:
SF:src/app.controller.js
FN:4,(anonymous_0)
FNF:1
FNH:0
FNDA:0,(anonymous_0)
DA:1,1
DA:5,0
DA:13,1
DA:14,1
DA:16,1
LF:5
LH:4
BRF:0
BRH:0
end_of_record
TN:
SF:src/app.module.js
FNF:0
FNH:0
DA:1,1
DA:2,1
DA:3,1
DA:4,1
DA:5,1
DA:6,1
DA:10,1
DA:15,1
LF:8
LH:8
BRF:0
BRH:0
end_of_record
TN:
SF:src/balance/balance.controller.js
FN:5,(anonymous_0)
FN:9,(anonymous_1)
FNF:2
FNH:1
FNDA:1,(anonymous_0)
FNDA:0,(anonymous_1)
DA:1,1
DA:2,1
DA:6,1
DA:10,0
DA:14,1
DA:15,1
DA:16,1
DA:17,1
DA:19,1
LF:9
LH:8
BRF:0
BRH:0
end_of_record
TN:
SF:src/balance/balance.module.js
FNF:0
FNH:0
DA:1,1
DA:2,1
DA:3,1
DA:7,1
DA:13,1
LF:5
LH:5
BRF:0
BRH:0
end_of_record
TN:
SF:src/balance/balance.service.js
FN:5,(anonymous_0)
FN:9,(anonymous_1)
FNF:2
FNH:2
FNDA:2,(anonymous_0)
FNDA:1,(anonymous_1)
DA:1,2
DA:2,2
DA:6,2
DA:10,1
DA:11,0
DA:14,1
DA:23,1
DA:24,0
DA:27,1
DA:31,2
DA:32,2
DA:34,2
LF:12
LH:10
BRDA:10,0,0,0
BRDA:10,0,1,1
BRDA:10,1,0,1
BRDA:10,1,1,1
BRDA:23,2,0,0
BRDA:23,2,1,1
BRF:6
BRH:4
end_of_record
TN:
SF:src/common/retry.util.js
FN:1,sleep
FN:2,(anonymous_1)
FN:5,withExponentialBackoff
FN:9,(anonymous_3)
FN:10,(anonymous_4)
FNF:5
FNH:4
FNDA:8,sleep
FNDA:8,(anonymous_1)
FNDA:6,withExponentialBackoff
FNDA:0,(anonymous_3)
FNDA:2,(anonymous_4)
DA:2,8
DA:6,6
DA:7,6
DA:8,6
DA:9,6
DA:10,6
DA:12,6
DA:13,6
DA:14,14
DA:15,14
DA:17,10
DA:18,2
DA:21,8
DA:22,8
DA:23,8
DA:24,8
DA:29,3
LF:17
LH:17
BRDA:5,0,0,0
BRDA:6,1,0,6
BRDA:6,1,1,0
BRDA:7,2,0,5
BRDA:7,2,1,1
BRDA:8,3,0,5
BRDA:8,3,1,1
BRDA:9,4,0,6
BRDA:9,4,1,0
BRDA:10,5,0,4
BRDA:10,5,1,2
BRDA:17,6,0,2
BRDA:17,6,1,8
BRDA:17,7,0,10
BRDA:17,7,1,8
BRF:15
BRH:12
end_of_record
TN:
SF:src/database/database.module.js
FNF:0
FNH:0
DA:1,1
DA:2,1
DA:6,1
DA:7,1
DA:12,1
LF:5
LH:5
BRF:0
BRH:0
end_of_record
TN:
SF:src/database/prisma.service.js
FN:6,(anonymous_0)
FN:18,(anonymous_1)
FN:22,(anonymous_2)
FNF:3
FNH:3
FNDA:2,(anonymous_0)
FNDA:1,(anonymous_1)
FNDA:1,(anonymous_2)
DA:1,3
DA:2,3
DA:3,3
DA:7,2
DA:8,2
DA:9,2
DA:13,2
DA:19,1
DA:23,1
DA:27,3
DA:29,3
LF:11
LH:11
BRDA:7,0,0,2
BRDA:7,0,1,2
BRF:2
BRH:2
end_of_record
TN:
SF:src/hcm/hcm.controller.js
FN:5,(anonymous_0)
FN:9,(anonymous_1)
FN:13,(anonymous_2)
FN:17,(anonymous_3)
FNF:4
FNH:3
FNDA:1,(anonymous_0)
FNDA:1,(anonymous_1)
FNDA:0,(anonymous_2)
FNDA:1,(anonymous_3)
DA:1,1
DA:2,1
DA:6,1
DA:10,1
DA:14,0
DA:18,1
DA:22,1
DA:23,1
DA:24,1
DA:25,1
DA:26,1
DA:27,1
DA:28,1
DA:29,1
DA:31,1
LF:15
LH:14
BRF:0
BRH:0
end_of_record
TN:
SF:src/hcm/hcm.errors.js
FN:2,(anonymous_0)
FN:9,(anonymous_1)
FNF:2
FNH:1
FNDA:0,(anonymous_0)
FNDA:2,(anonymous_1)
DA:3,0
DA:4,0
DA:10,2
DA:11,2
DA:15,2
LF:5
LH:3
BRDA:2,0,0,0
BRDA:9,1,0,0
BRF:2
BRH:0
end_of_record
TN:
SF:src/hcm/hcm.module.js
FNF:0
FNH:0
DA:1,1
DA:2,1
DA:3,1
DA:7,1
DA:13,1
LF:5
LH:5
BRF:0
BRH:0
end_of_record
TN:
SF:src/hcm/hcm.service.js
FN:5,(anonymous_0)
FN:11,(anonymous_1)
FN:15,(anonymous_2)
FN:26,(anonymous_3)
FN:34,(anonymous_4)
FN:39,(anonymous_5)
FN:66,(anonymous_6)
FN:72,(anonymous_7)
FN:81,(anonymous_8)
FNF:9
FNH:8
FNDA:1,(anonymous_0)
FNDA:11,(anonymous_1)
FNDA:9,(anonymous_2)
FNDA:3,(anonymous_3)
FNDA:8,(anonymous_4)
FNDA:2,(anonymous_5)
FNDA:1,(anonymous_6)
FNDA:0,(anonymous_7)
FNDA:6,(anonymous_8)
DA:1,2
DA:2,2
DA:6,1
DA:7,1
DA:8,1
DA:12,11
DA:17,9
DA:21,9
DA:22,0
DA:27,3
DA:28,3
DA:29,0
DA:31,3
DA:35,8
DA:36,8
DA:40,2
DA:42,2
DA:43,0
DA:46,2
DA:47,0
DA:50,2
DA:52,2
DA:53,2
DA:54,0
DA:57,2
DA:59,2
DA:67,1
DA:68,1
DA:69,1
DA:73,0
DA:74,0
DA:75,0
DA:82,6
DA:83,6
DA:85,6
DA:86,6
DA:87,6
DA:88,0
DA:90,6
DA:91,0
DA:93,6
DA:94,6
DA:97,6
DA:106,2
DA:108,2
LF:45
LH:35
BRDA:17,0,0,6
BRDA:17,0,1,3
BRDA:17,1,0,9
BRDA:17,1,1,6
BRDA:17,1,2,6
BRDA:21,2,0,0
BRDA:21,2,1,9
BRDA:28,3,0,0
BRDA:28,3,1,3
BRDA:42,4,0,0
BRDA:42,4,1,2
BRDA:46,5,0,0
BRDA:46,5,1,2
BRDA:53,6,0,0
BRDA:53,6,1,2
BRDA:82,7,0,6
BRDA:82,7,1,0
BRDA:82,8,0,6
BRDA:82,8,1,6
BRDA:83,9,0,6
BRDA:83,9,1,6
BRDA:87,10,0,0
BRDA:87,10,1,6
BRDA:87,11,0,6
BRDA:87,11,1,6
BRDA:87,11,2,6
BRDA:87,11,3,6
BRDA:90,12,0,0
BRDA:90,12,1,6
BRF:29
BRH:21
end_of_record
TN:
SF:src/timeoff/timeoff.controller.js
FN:5,(anonymous_0)
FN:9,(anonymous_1)
FN:13,(anonymous_2)
FN:17,(anonymous_3)
FNF:4
FNH:2
FNDA:1,(anonymous_0)
FNDA:5,(anonymous_1)
FNDA:0,(anonymous_2)
FNDA:0,(anonymous_3)
DA:1,1
DA:2,1
DA:6,1
DA:10,5
DA:14,0
DA:18,0
DA:22,1
DA:23,1
DA:24,1
DA:25,1
DA:26,1
DA:27,1
DA:28,1
DA:29,1
DA:31,1
LF:15
LH:13
BRF:0
BRH:0
end_of_record
TN:
SF:src/timeoff/timeoff.module.js
FNF:0
FNH:0
DA:1,1
DA:2,1
DA:3,1
DA:4,1
DA:8,1
DA:15,1
LF:6
LH:6
BRF:0
BRH:0
end_of_record
TN:
SF:src/timeoff/timeoff.service.js
FN:18,(anonymous_0)
FN:24,(anonymous_1)
FN:34,(anonymous_2)
FN:40,(anonymous_3)
FN:44,(anonymous_4)
FN:49,(anonymous_5)
FN:50,(anonymous_6)
FN:65,(anonymous_7)
FN:77,(anonymous_8)
FN:101,(anonymous_9)
FN:203,(anonymous_10)
FN:218,(anonymous_11)
FN:240,(anonymous_12)
FNF:13
FNH:11
FNDA:3,(anonymous_0)
FNDA:6,(anonymous_1)
FNDA:1,(anonymous_2)
FNDA:6,(anonymous_3)
FNDA:4,(anonymous_4)
FNDA:6,(anonymous_5)
FNDA:6,(anonymous_6)
FNDA:6,(anonymous_7)
FNDA:6,(anonymous_8)
FNDA:10,(anonymous_9)
FNDA:1,(anonymous_10)
FNDA:0,(anonymous_11)
FNDA:0,(anonymous_12)
DA:10,2
DA:11,2
DA:12,2
DA:13,2
DA:14,2
DA:15,2
DA:19,3
DA:20,3
DA:21,3
DA:25,6
DA:26,0
DA:29,6
DA:30,0
DA:35,1
DA:36,1
DA:41,6
DA:45,4
DA:49,6
DA:51,6
DA:66,6
DA:67,6
DA:76,6
DA:77,6
DA:78,6
DA:87,6
DA:88,0
DA:91,6
DA:92,2
DA:95,4
DA:101,10
DA:104,2
DA:118,2
DA:130,2
DA:139,2
DA:142,4
DA:143,0
DA:151,0
DA:154,4
DA:155,2
DA:163,2
DA:166,2
DA:172,2
DA:175,0
DA:176,0
DA:177,0
DA:182,0
DA:188,0
DA:191,0
DA:199,0
DA:204,1
DA:205,1
DA:206,0
DA:209,1
DA:210,0
DA:211,0
DA:218,0
DA:221,0
DA:222,0
DA:229,0
DA:231,0
DA:234,0
DA:241,0
DA:242,0
DA:243,0
DA:246,0
DA:248,0
DA:255,2
DA:256,2
DA:257,2
DA:259,2
LF:70
LH:44
BRDA:25,0,0,0
BRDA:25,0,1,6
BRDA:25,1,0,6
BRDA:25,1,1,6
BRDA:25,1,2,6
BRDA:25,1,3,6
BRDA:29,2,0,0
BRDA:29,2,1,6
BRDA:29,3,0,6
BRDA:29,3,1,6
BRDA:29,3,2,6
BRDA:35,4,0,1
BRDA:35,4,1,0
BRDA:87,5,0,0
BRDA:87,5,1,6
BRDA:91,6,0,2
BRDA:91,6,1,4
BRDA:123,7,0,2
BRDA:123,7,1,1
BRDA:126,8,0,2
BRDA:126,8,1,2
BRDA:142,9,0,0
BRDA:142,9,1,4
BRDA:154,10,0,2
BRDA:154,10,1,2
BRDA:166,11,0,2
BRDA:166,11,1,0
BRDA:167,12,0,2
BRDA:167,12,1,2
BRDA:167,12,2,0
BRDA:167,12,3,0
BRDA:175,13,0,0
BRDA:175,13,1,0
BRDA:175,14,0,0
BRDA:175,14,1,0
BRDA:176,15,0,0
BRDA:176,15,1,0
BRDA:176,16,0,0
BRDA:176,16,1,0
BRDA:177,17,0,0
BRDA:177,17,1,0
BRDA:178,18,0,0
BRDA:178,18,1,0
BRDA:178,18,2,0
BRDA:185,19,0,0
BRDA:185,19,1,0
BRDA:205,20,0,0
BRDA:205,20,1,1
BRDA:221,21,0,0
BRDA:221,21,1,0
BRDA:242,22,0,0
BRDA:242,22,1,0
BRF:52
BRH:24
end_of_record
